<?xml version="1.0" encoding="UTF-8"?>
<testsuite xmlns:xsi="http://www.w3.org/2001/XMLSchema-instance" xsi:noNamespaceSchemaLocation="https://maven.apache.org/surefire/maven-surefire-plugin/xsd/surefire-test-report.xsd" name="TestSuite" time="25.192" tests="3" errors="0" skipped="0" failures="0">
  <properties>
[...]
</properties>
  <testcase name="checkboxTest" classname="uitests.TestDataTable" time="0.829"/>
  <testcase name="checkboxTest" classname="uitests.TestDataTable" time="0.643"/>
  <testcase name="checkboxTest" classname="uitests.TestDataTable" time="0.614"/>
</testsuite>