<?xml version="1.0" encoding="UTF-8"?>
<testng-results ignored="0" total="3" passed="3" failed="0" skipped="0">
  <reporter-output>
  </reporter-output>
  <suite started-at="2023-07-27T13:41:06 EDT" name="PrimeReactV5  Suite" finished-at="2023-07-27T13:41:54 EDT" duration-ms="47421">
    <groups>
    </groups>
    <test started-at="2023-07-27T13:41:06 EDT" name="DataTable Test Chrome" finished-at="2023-07-27T13:41:20 EDT" duration-ms="14114">
      <class name="uitests.TestDataTable">
        <test-method is-config="true" signature="setUp(java.lang.String)[pri:0, instance:uitests.TestDataTable@31d7b7bf]" started-at="2023-07-27T13:41:07 EDT" name="setUp" finished-at="2023-07-27T13:41:19 EDT" duration-ms="11983" status="PASS">
          <params>
            <param index="0">
              <value>
                <![CDATA[chrome]]>
              </value>
            </param>
          </params>
          <reporter-output>
          </reporter-output>
        </test-method> <!-- setUp -->
        <test-method signature="checkboxTest()[pri:0, instance:uitests.TestDataTable@31d7b7bf]" started-at="2023-07-27T13:41:19 EDT" name="checkboxTest" finished-at="2023-07-27T13:41:20 EDT" duration-ms="606" status="PASS">
          <reporter-output>
          </reporter-output>
        </test-method> <!-- checkboxTest -->
        <test-method is-config="true" signature="tearDown()[pri:0, instance:uitests.TestDataTable@31d7b7bf]" started-at="2023-07-27T13:41:20 EDT" name="tearDown" finished-at="2023-07-27T13:41:20 EDT" duration-ms="459" status="PASS">
          <reporter-output>
          </reporter-output>
        </test-method> <!-- tearDown -->
      </class> <!-- uitests.TestDataTable -->
    </test> <!-- DataTable Test Chrome -->
    <test started-at="2023-07-27T13:41:21 EDT" name="DataTable Test Firefox" finished-at="2023-07-27T13:41:42 EDT" duration-ms="21094">
      <class name="uitests.TestDataTable">
        <test-method is-config="true" signature="setUp(java.lang.String)[pri:0, instance:uitests.TestDataTable@393671df]" started-at="2023-07-27T13:41:21 EDT" name="setUp" finished-at="2023-07-27T13:41:38 EDT" duration-ms="16616" status="PASS">
          <params>
            <param index="0">
              <value>
                <![CDATA[firefox]]>
              </value>
            </param>
          </params>
          <reporter-output>
          </reporter-output>
        </test-method> <!-- setUp -->
        <test-method signature="checkboxTest()[pri:0, instance:uitests.TestDataTable@393671df]" started-at="2023-07-27T13:41:38 EDT" name="checkboxTest" finished-at="2023-07-27T13:41:39 EDT" duration-ms="1023" status="PASS">
          <reporter-output>
          </reporter-output>
        </test-method> <!-- checkboxTest -->
        <test-method is-config="true" signature="tearDown()[pri:0, instance:uitests.TestDataTable@393671df]" started-at="2023-07-27T13:41:39 EDT" name="tearDown" finished-at="2023-07-27T13:41:42 EDT" duration-ms="3445" status="PASS">
          <reporter-output>
          </reporter-output>
        </test-method> <!-- tearDown -->
      </class> <!-- uitests.TestDataTable -->
    </test> <!-- DataTable Test Firefox -->
    <test started-at="2023-07-27T13:41:43 EDT" name="DataTable Test Edge" finished-at="2023-07-27T13:41:54 EDT" duration-ms="10813">
      <class name="uitests.TestDataTable">
        <test-method is-config="true" signature="setUp(java.lang.String)[pri:0, instance:uitests.TestDataTable@55b7a4e0]" started-at="2023-07-27T13:41:43 EDT" name="setUp" finished-at="2023-07-27T13:41:53 EDT" duration-ms="9954" status="PASS">
          <params>
            <param index="0">
              <value>
                <![CDATA[edge]]>
              </value>
            </param>
          </params>
          <reporter-output>
          </reporter-output>
        </test-method> <!-- setUp -->
        <test-method signature="checkboxTest()[pri:0, instance:uitests.TestDataTable@55b7a4e0]" started-at="2023-07-27T13:41:53 EDT" name="checkboxTest" finished-at="2023-07-27T13:41:53 EDT" duration-ms="398" status="PASS">
          <reporter-output>
          </reporter-output>
        </test-method> <!-- checkboxTest -->
        <test-method is-config="true" signature="tearDown()[pri:0, instance:uitests.TestDataTable@55b7a4e0]" started-at="2023-07-27T13:41:53 EDT" name="tearDown" finished-at="2023-07-27T13:41:54 EDT" duration-ms="440" status="PASS">
          <reporter-output>
          </reporter-output>
        </test-method> <!-- tearDown -->
      </class> <!-- uitests.TestDataTable -->
    </test> <!-- DataTable Test Edge -->
  </suite> <!-- PrimeReactV5  Suite -->
</testng-results>
