<?xml version="1.0" encoding="UTF-8"?>
<testsuite xmlns:xsi="http://www.w3.org/2001/XMLSchema-instance" xsi:noNamespaceSchemaLocation="https://maven.apache.org/surefire/maven-surefire-plugin/xsd/surefire-test-report.xsd" name="TestSuite" time="48.629" tests="3" errors="0" skipped="0" failures="0">
  <properties>
[...]
</properties>
  <testcase name="checkboxTest" classname="uitests.TestDataTable" time="0.624"/>
  <testcase name="checkboxTest" classname="uitests.TestDataTable" time="1.024"/>
  <testcase name="checkboxTest" classname="uitests.TestDataTable" time="0.398"/>
</testsuite>